<?xml version="1.0" encoding="UTF-8"?>
<testsuite xmlns:xsi="http://www.w3.org/2001/XMLSchema-instance" xsi:noNamespaceSchemaLocation="https://maven.apache.org/surefire/maven-surefire-plugin/xsd/surefire-test-report.xsd" name="org.example.CalcTest" time="0.033" tests="2" errors="0" skipped="0" failures="1">
  <properties>
[...]
</properties>
  <testcase name="test_substraction" classname="org.example.CalcTest" time="0.023">
    <failure message="expected: &lt;2&gt; but was: &lt;12&gt;" type="org.opentest4j.AssertionFailedError"><![CDATA[org.opentest4j.AssertionFailedError: expected: <2> but was: <12>
	at org.example.CalcTest.test_substraction(CalcTest.java:15)
]]></failure>
  </testcase>
  <testcase name="testAddition" classname="org.example.CalcTest" time="0"/>
</testsuite>